<?xml version="1.0" encoding="UTF-8"?>
<!-- Generated by org.testng.reporters.JUnitReportReporter -->
<testsuite hostname="LAPTOP-N7T8FIF4" failures="0" tests="1" name="testcases.ProgressBarEx" time="9.168" errors="0" timestamp="2022-10-18T12:33:34 IST" skipped="0">
  <testcase classname="testcases.ProgressBarEx" name="verifytextofsubmit" time="9.168"/>
  <system-out/>
</testsuite> <!-- testcases.ProgressBarEx -->
