<?xml version="1.0" encoding="UTF-8"?>
<!-- Generated by org.testng.reporters.JUnitReportReporter -->
<testsuite hostname="LAPTOP-N7T8FIF4" failures="0" tests="1" name="testcases.HomeTest" time="10.076" errors="0" timestamp="2022-10-19T08:37:51 IST" skipped="0">
  <testcase classname="testcases.HomeTest" name="verifyHomePage_logo" time="10.076"/>
  <system-out/>
</testsuite> <!-- testcases.HomeTest -->
