<?xml version="1.0" encoding="UTF-8"?>
<!-- Generated by org.testng.reporters.JUnitReportReporter -->
<testsuite hostname="LAPTOP-N7T8FIF4" failures="0" tests="1" name="testcases.InputPageForm" time="8.581" errors="0" timestamp="2022-10-16T12:57:47 IST" skipped="0">
  <testcase classname="testcases.InputPageForm" name="verifysubmitform" time="8.581"/>
  <system-out/>
</testsuite> <!-- testcases.InputPageForm -->
