<?xml version="1.0" encoding="UTF-8"?>
<!-- Generated by org.testng.reporters.JUnitReportReporter -->
<testsuite hostname="LAPTOP-N7T8FIF4" failures="0" tests="3" name="testcases.TableTest" time="27.953" errors="0" timestamp="2022-10-21T17:19:51 IST" skipped="0">
  <testcase classname="testcases.TableTest" name="verifypersonsoffice" time="14.574"/>
  <system-out/>
  <testcase classname="testcases.TableTest" name="verifyfistname" time="7.609"/>
  <system-out/>
  <testcase classname="testcases.TableTest" name="verifypersonoffice" time="5.770"/>
  <system-out/>
</testsuite> <!-- testcases.TableTest -->
