<?xml version="1.0" encoding="UTF-8"?>
<!-- Generated by org.testng.reporters.JUnitReportReporter -->
<testsuite hostname="LAPTOP-N7T8FIF4" failures="0" tests="1" name="testcases.DateTest" time="12.901" errors="0" timestamp="2022-10-21T17:18:43 IST" skipped="0">
  <testcase classname="testcases.DateTest" name="verifycalender" time="12.901"/>
  <system-out/>
</testsuite> <!-- testcases.DateTest -->
