<?xml version="1.0" encoding="UTF-8"?>
<!-- Generated by org.testng.reporters.JUnitReportReporter -->
<testsuite hostname="LAPTOP-N7T8FIF4" failures="0" tests="1" name="testcases.AlertTest" time="7.996" errors="0" timestamp="2022-10-21T17:25:23 IST" skipped="0">
  <testcase classname="testcases.AlertTest" name="verify_autoclosablesucess" time="7.996"/>
  <system-out/>
</testsuite> <!-- testcases.AlertTest -->
